[debug] ----------------------------------------------------------------------
[debug] Command:      C:\Program Files\nodejs\node.exe C:\Users\Telwa\AppData\Roaming\npm\node_modules\firebase-tools\bin\firebase deploy
[debug] CLI Version:  3.0.8
[debug] Platform:     win32
[debug] Node Version: v4.6.1
[debug] Time:         Tue Oct 25 2016 12:39:58 GMT+0200 (W. Europe Daylight Time)
[debug] ----------------------------------------------------------------------
[debug] 
[debug] > command requires scopes: ["email","openid","https://www.googleapis.com/auth/cloudplatformprojects.readonly","https://www.googleapis.com/auth/firebase"]
[debug] >>> HTTP REQUEST GET https://admin.firebase.com/v1/projects/jspapp-a43bf 
[debug] <<< HTTP RESPONSE 200
[debug] >>> HTTP REQUEST GET https://admin.firebase.com/v1/database/jspapp-a43bf/tokens 
[debug] <<< HTTP RESPONSE 200
[debug] ----------------------------------------------------------------------
[debug] Command:      C:\Program Files\nodejs\node.exe C:\Users\Telwa\AppData\Roaming\npm\node_modules\firebase-tools\bin\firebase --debug deploy
[debug] CLI Version:  3.0.8
[debug] Platform:     win32
[debug] Node Version: v4.6.1
[debug] Time:         Tue Oct 25 2016 12:46:43 GMT+0200 (W. Europe Daylight Time)
[debug] ----------------------------------------------------------------------
[debug] 
[debug] > command requires scopes: ["email","openid","https://www.googleapis.com/auth/cloudplatformprojects.readonly","https://www.googleapis.com/auth/firebase"]
[debug] >>> HTTP REQUEST GET https://admin.firebase.com/v1/projects/jspapp-a43bf 
[debug] <<< HTTP RESPONSE 200
[debug] >>> HTTP REQUEST GET https://admin.firebase.com/v1/database/jspapp-a43bf/tokens 
[debug] <<< HTTP RESPONSE 200
